INFO: [VRFC 10-2263] Analyzing SystemVerilog file "/home/ayman/ml-rvfpga-soc/Courses/RVfpgaSoC/Labs/LabProjects/Lab1/Lab1.srcs/sources_1/imports/src/SweRVolfSoC/Interconnect/AxiInterconnect/pulp-platform.org__axi_0.25.0/include/axi/typedef.svh" into library xil_defaultlib
INFO: [VRFC 10-2263] Analyzing SystemVerilog file "/home/ayman/ml-rvfpga-soc/Courses/RVfpgaSoC/Labs/LabProjects/Lab1/Lab1.srcs/sources_1/imports/src/SweRVolfSoC/Interconnect/AxiInterconnect/pulp-platform.org__axi_0.25.0/include/axi/assign.svh" into library xil_defaultlib
INFO: [VRFC 10-2263] Analyzing SystemVerilog file "/home/ayman/ml-rvfpga-soc/Courses/RVfpgaSoC/Labs/LabProjects/Lab1/Lab1.srcs/sources_1/imports/src/OtherSources/pulp-platform.org__common_cells_1.20.0/include/common_cells/registers.svh" into library xil_defaultlib
INFO: [VRFC 10-2263] Analyzing SystemVerilog file "/home/ayman/ml-rvfpga-soc/Courses/RVfpgaSoC/Labs/LabProjects/Lab1/Lab1.srcs/sources_1/imports/src/SweRVolfSoC/SweRVEh1CoreComplex/include/common_defines.vh" into library xil_defaultlib
INFO: [VRFC 10-2263] Analyzing SystemVerilog file "/home/ayman/ml-rvfpga-soc/Courses/RVfpgaSoC/Labs/LabProjects/Lab1/Lab1.srcs/sources_1/imports/src/SweRVolfSoC/SweRVEh1CoreComplex/lib/beh_lib.sv" into library xil_defaultlib
INFO: [VRFC 10-311] analyzing module rvdff
INFO: [VRFC 10-311] analyzing module rvdffs
INFO: [VRFC 10-311] analyzing module rvdffsc
INFO: [VRFC 10-311] analyzing module rvdff_fpga
INFO: [VRFC 10-311] analyzing module rvdffs_fpga
INFO: [VRFC 10-311] analyzing module rvdffsc_fpga
INFO: [VRFC 10-311] analyzing module clockhdr
INFO: [VRFC 10-311] analyzing module rvoclkhdr
INFO: [VRFC 10-311] analyzing module rvdffe
INFO: [VRFC 10-311] analyzing module rvsyncss
INFO: [VRFC 10-311] analyzing module rvlsadder
INFO: [VRFC 10-311] analyzing module rvbradder
INFO: [VRFC 10-311] analyzing module rvtwoscomp
INFO: [VRFC 10-311] analyzing module rvfindfirst1
INFO: [VRFC 10-311] analyzing module rvfindfirst1hot
INFO: [VRFC 10-311] analyzing module rvmaskandmatch
INFO: [VRFC 10-311] analyzing module rvbtb_tag_hash
INFO: [VRFC 10-311] analyzing module rvbtb_addr_hash
INFO: [VRFC 10-311] analyzing module rvbtb_ghr_hash
INFO: [VRFC 10-311] analyzing module rvrangecheck
INFO: [VRFC 10-311] analyzing module rveven_paritygen
INFO: [VRFC 10-311] analyzing module rveven_paritycheck
INFO: [VRFC 10-311] analyzing module rvecc_encode
INFO: [VRFC 10-311] analyzing module rvecc_decode
INFO: [VRFC 10-2263] Analyzing SystemVerilog file "/home/ayman/ml-rvfpga-soc/Courses/RVfpgaSoC/Labs/LabProjects/Lab1/Lab1.srcs/sources_1/imports/src/SweRVolfSoC/SweRVEh1CoreComplex/lib/axi4_to_ahb.sv" into library xil_defaultlib
INFO: [VRFC 10-311] analyzing module axi4_to_ahb
INFO: [VRFC 10-2263] Analyzing Verilog file "/home/ayman/ml-rvfpga-soc/Courses/RVfpgaSoC/Labs/LabProjects/Lab1/Lab1.sim/sim_1/behav/xsim/glbl.v" into library xil_defaultlib
INFO: [VRFC 10-311] analyzing module glbl
