xilinx rtfpga
INFO: [Synth 8-5546] ROM "sdram_cmd_payload_a1" won't be mapped to RAM because it is too sparse
INFO: [Synth 8-4652] Swapped enable and write-enable on 1 RAM instances of RAM rf_ram/memory_reg to conserve power
RAM Pipeline Warning: Read Address Register Found For RAM mem_1_reg. We will not be able to pipeline it. This may degrade performance. 
RAM Pipeline Warning: Read Address Register Found For RAM mem_1_reg. We will not be able to pipeline it. This may degrade performance. 
RAM Pipeline Warning: Read Address Register Found For RAM mem_1_reg. We will not be able to pipeline it. This may degrade performance. 
INFO: [Synth 8-3333] propagating constant 0 across sequential element (\litedramcore_interface1_bank_bus_dat_r_reg[7] )
INFO: [Synth 8-3333] propagating constant 0 across sequential element (\litedramcore_interface1_bank_bus_dat_r_reg[1] )
INFO: [Synth 8-3333] propagating constant 0 across sequential element (\litedramcore_interface1_bank_bus_dat_r_reg[3] )
INFO: [Synth 8-3333] propagating constant 0 across sequential element (sdram_postponer_count_reg)
INFO: [Synth 8-3333] propagating constant 0 across sequential element (\litedramcore_interface1_bank_bus_dat_r_reg[5] )
INFO: [Synth 8-3333] propagating constant 0 across sequential element (\litedramcore_interface1_bank_bus_dat_r_reg[4] )
INFO: [Synth 8-3333] propagating constant 0 across sequential element (\litedramcore_interface1_bank_bus_dat_r_reg[2] )
INFO: [Synth 8-3333] propagating constant 0 across sequential element (\litedramcore_interface1_bank_bus_dat_r_reg[6] )
INFO: [Synth 8-3333] propagating constant 0 across sequential element (serv_rf_top/\cpu/csr/o_new_irq_reg )
INFO: [Synth 8-3333] propagating constant 0 across sequential element (\a7ddrphy_dqspattern_o1_reg[7] )
INFO: [Synth 8-3333] propagating constant 0 across sequential element (\a7ddrphy_dqspattern_o1_reg[5] )
INFO: [Synth 8-3333] propagating constant 0 across sequential element (\a7ddrphy_dqspattern_o1_reg[3] )
INFO: [Synth 8-3333] propagating constant 0 across sequential element (\a7ddrphy_dqspattern_o1_reg[1] )
INFO: [Synth 8-3333] propagating constant 0 across sequential element (\sdram_cmd_payload_ba_reg[0] )
INFO: [Synth 8-3333] propagating constant 0 across sequential element (\sdram_cmd_payload_ba_reg[1] )
INFO: [Synth 8-3333] propagating constant 0 across sequential element (\sdram_cmd_payload_ba_reg[2] )
INFO: [Synth 8-3333] propagating constant 0 across sequential element (\sdram_cmd_payload_a_reg[0] )
INFO: [Synth 8-3333] propagating constant 0 across sequential element (\sdram_cmd_payload_a_reg[1] )
INFO: [Synth 8-3333] propagating constant 0 across sequential element (\sdram_cmd_payload_a_reg[2] )
INFO: [Synth 8-3333] propagating constant 0 across sequential element (\sdram_cmd_payload_a_reg[3] )
INFO: [Synth 8-3333] propagating constant 0 across sequential element (\sdram_cmd_payload_a_reg[4] )
INFO: [Synth 8-3333] propagating constant 0 across sequential element (\sdram_cmd_payload_a_reg[5] )
INFO: [Synth 8-3333] propagating constant 0 across sequential element (\sdram_cmd_payload_a_reg[6] )
INFO: [Synth 8-3333] propagating constant 0 across sequential element (\sdram_cmd_payload_a_reg[7] )
INFO: [Synth 8-3333] propagating constant 0 across sequential element (\sdram_cmd_payload_a_reg[8] )
INFO: [Synth 8-3333] propagating constant 0 across sequential element (\sdram_cmd_payload_a_reg[9] )
INFO: [Synth 8-3333] propagating constant 0 across sequential element (\sdram_cmd_payload_a_reg[11] )
INFO: [Synth 8-3333] propagating constant 0 across sequential element (\sdram_cmd_payload_a_reg[12] )
INFO: [Synth 8-3333] propagating constant 0 across sequential element (sdram_sequencer_count_reg)
INFO: [Synth 8-3333] propagating constant 0 across sequential element (\a7ddrphy_bitslip15_r0_reg[15] )
INFO: [Synth 8-3333] propagating constant 0 across sequential element (\a7ddrphy_bitslip15_r0_reg[14] )
INFO: [Synth 8-3333] propagating constant 0 across sequential element (\a7ddrphy_bitslip15_r0_reg[13] )
INFO: [Synth 8-3333] propagating constant 0 across sequential element (\a7ddrphy_bitslip15_r0_reg[12] )
INFO: [Synth 8-3333] propagating constant 0 across sequential element (\a7ddrphy_bitslip14_r0_reg[15] )
INFO: [Synth 8-3333] propagating constant 0 across sequential element (\a7ddrphy_bitslip14_r0_reg[14] )
INFO: [Synth 8-3333] propagating constant 0 across sequential element (\a7ddrphy_bitslip14_r0_reg[13] )
INFO: [Synth 8-3333] propagating constant 0 across sequential element (\a7ddrphy_bitslip14_r0_reg[12] )
INFO: [Synth 8-3333] propagating constant 0 across sequential element (\a7ddrphy_bitslip13_r0_reg[15] )
INFO: [Synth 8-3333] propagating constant 0 across sequential element (\a7ddrphy_bitslip13_r0_reg[14] )
INFO: [Synth 8-3333] propagating constant 0 across sequential element (\a7ddrphy_bitslip13_r0_reg[13] )
INFO: [Synth 8-3333] propagating constant 0 across sequential element (\a7ddrphy_bitslip13_r0_reg[12] )
INFO: [Synth 8-3333] propagating constant 0 across sequential element (\a7ddrphy_bitslip12_r0_reg[15] )
INFO: [Synth 8-3333] propagating constant 0 across sequential element (\a7ddrphy_bitslip12_r0_reg[14] )
INFO: [Synth 8-3333] propagating constant 0 across sequential element (\a7ddrphy_bitslip12_r0_reg[13] )
INFO: [Synth 8-3333] propagating constant 0 across sequential element (\a7ddrphy_bitslip12_r0_reg[12] )
INFO: [Synth 8-3333] propagating constant 0 across sequential element (\a7ddrphy_bitslip11_r0_reg[15] )
INFO: [Synth 8-3333] propagating constant 0 across sequential element (\a7ddrphy_bitslip11_r0_reg[14] )
INFO: [Synth 8-3333] propagating constant 0 across sequential element (\a7ddrphy_bitslip11_r0_reg[13] )
INFO: [Synth 8-3333] propagating constant 0 across sequential element (\a7ddrphy_bitslip11_r0_reg[12] )
INFO: [Synth 8-3333] propagating constant 0 across sequential element (\a7ddrphy_bitslip10_r0_reg[15] )
INFO: [Synth 8-3333] propagating constant 0 across sequential element (\a7ddrphy_bitslip10_r0_reg[14] )
INFO: [Synth 8-3333] propagating constant 0 across sequential element (\a7ddrphy_bitslip10_r0_reg[13] )
INFO: [Synth 8-3333] propagating constant 0 across sequential element (\a7ddrphy_bitslip10_r0_reg[12] )
INFO: [Synth 8-3333] propagating constant 0 across sequential element (\a7ddrphy_bitslip9_r0_reg[15] )
INFO: [Synth 8-3333] propagating constant 0 across sequential element (\a7ddrphy_bitslip9_r0_reg[14] )
INFO: [Synth 8-3333] propagating constant 0 across sequential element (\a7ddrphy_bitslip9_r0_reg[13] )
INFO: [Synth 8-3333] propagating constant 0 across sequential element (\a7ddrphy_bitslip9_r0_reg[12] )
INFO: [Common 17-14] Message 'Synth 8-3333' appears 100 times and further instances of the messages will be disabled. Use the Tcl command set_msg_config to change the current settings.
