xilinx rtfpga
WARNING: [Synth 8-3331] design lsu_trigger has unconnected port clk
WARNING: [Synth 8-3331] design lsu_trigger has unconnected port lsu_free_c2_clk
WARNING: [Synth 8-3331] design lsu_trigger has unconnected port rst_l
WARNING: [Synth 8-3331] design lsu_trigger has unconnected port trigger_pkt_any[3][execute]
WARNING: [Synth 8-3331] design lsu_trigger has unconnected port trigger_pkt_any[3][m]
WARNING: [Synth 8-3331] design lsu_trigger has unconnected port trigger_pkt_any[2][execute]
WARNING: [Synth 8-3331] design lsu_trigger has unconnected port trigger_pkt_any[2][m]
WARNING: [Synth 8-3331] design lsu_trigger has unconnected port trigger_pkt_any[1][execute]
WARNING: [Synth 8-3331] design lsu_trigger has unconnected port trigger_pkt_any[1][m]
WARNING: [Synth 8-3331] design lsu_trigger has unconnected port trigger_pkt_any[0][execute]
WARNING: [Synth 8-3331] design lsu_trigger has unconnected port trigger_pkt_any[0][m]
WARNING: [Synth 8-3331] design lsu_trigger has unconnected port lsu_pkt_dc3[by]
WARNING: [Synth 8-3331] design lsu_trigger has unconnected port lsu_pkt_dc3[dword]
WARNING: [Synth 8-3331] design lsu_trigger has unconnected port lsu_pkt_dc3[unsign]
WARNING: [Synth 8-3331] design lsu_trigger has unconnected port lsu_pkt_dc3[store_data_bypass_c1]
WARNING: [Synth 8-3331] design lsu_trigger has unconnected port lsu_pkt_dc3[load_ldst_bypass_c1]
WARNING: [Synth 8-3331] design lsu_trigger has unconnected port lsu_pkt_dc3[store_data_bypass_c2]
WARNING: [Synth 8-3331] design lsu_trigger has unconnected port lsu_pkt_dc3[store_data_bypass_i0_e2_c2]
WARNING: [Synth 8-3331] design lsu_trigger has unconnected port lsu_pkt_dc3[store_data_bypass_e4_c1][1]
WARNING: [Synth 8-3331] design lsu_trigger has unconnected port lsu_pkt_dc3[store_data_bypass_e4_c1][0]
WARNING: [Synth 8-3331] design lsu_trigger has unconnected port lsu_pkt_dc3[store_data_bypass_e4_c2][1]
WARNING: [Synth 8-3331] design lsu_trigger has unconnected port lsu_pkt_dc3[store_data_bypass_e4_c2][0]
WARNING: [Synth 8-3331] design lsu_trigger has unconnected port lsu_pkt_dc3[store_data_bypass_e4_c3][1]
WARNING: [Synth 8-3331] design lsu_trigger has unconnected port lsu_pkt_dc3[store_data_bypass_e4_c3][0]
WARNING: [Synth 8-3331] design lsu_trigger has unconnected port lsu_result_dc3[31]
WARNING: [Synth 8-3331] design lsu_trigger has unconnected port lsu_result_dc3[30]
WARNING: [Synth 8-3331] design lsu_trigger has unconnected port lsu_result_dc3[29]
WARNING: [Synth 8-3331] design lsu_trigger has unconnected port lsu_result_dc3[28]
WARNING: [Synth 8-3331] design lsu_trigger has unconnected port lsu_result_dc3[27]
WARNING: [Synth 8-3331] design lsu_trigger has unconnected port lsu_result_dc3[26]
WARNING: [Synth 8-3331] design lsu_trigger has unconnected port lsu_result_dc3[25]
WARNING: [Synth 8-3331] design lsu_trigger has unconnected port lsu_result_dc3[24]
WARNING: [Synth 8-3331] design lsu_trigger has unconnected port lsu_result_dc3[23]
WARNING: [Synth 8-3331] design lsu_trigger has unconnected port lsu_result_dc3[22]
WARNING: [Synth 8-3331] design lsu_trigger has unconnected port lsu_result_dc3[21]
WARNING: [Synth 8-3331] design lsu_trigger has unconnected port lsu_result_dc3[20]
WARNING: [Synth 8-3331] design lsu_trigger has unconnected port lsu_result_dc3[19]
WARNING: [Synth 8-3331] design lsu_trigger has unconnected port lsu_result_dc3[18]
WARNING: [Synth 8-3331] design lsu_trigger has unconnected port lsu_result_dc3[17]
WARNING: [Synth 8-3331] design lsu_trigger has unconnected port lsu_result_dc3[16]
WARNING: [Synth 8-3331] design lsu_trigger has unconnected port lsu_result_dc3[15]
WARNING: [Synth 8-3331] design lsu_trigger has unconnected port lsu_result_dc3[14]
WARNING: [Synth 8-3331] design lsu_trigger has unconnected port lsu_result_dc3[13]
WARNING: [Synth 8-3331] design lsu_trigger has unconnected port lsu_result_dc3[12]
WARNING: [Synth 8-3331] design lsu_trigger has unconnected port lsu_result_dc3[11]
WARNING: [Synth 8-3331] design lsu_trigger has unconnected port lsu_result_dc3[10]
WARNING: [Synth 8-3331] design lsu_trigger has unconnected port lsu_result_dc3[9]
WARNING: [Synth 8-3331] design lsu_trigger has unconnected port lsu_result_dc3[8]
WARNING: [Synth 8-3331] design lsu_trigger has unconnected port lsu_result_dc3[7]
WARNING: [Synth 8-3331] design lsu_trigger has unconnected port lsu_result_dc3[6]
WARNING: [Synth 8-3331] design lsu_trigger has unconnected port lsu_result_dc3[5]
WARNING: [Synth 8-3331] design lsu_trigger has unconnected port lsu_result_dc3[4]
WARNING: [Synth 8-3331] design lsu_trigger has unconnected port lsu_result_dc3[3]
WARNING: [Synth 8-3331] design lsu_trigger has unconnected port lsu_result_dc3[2]
WARNING: [Synth 8-3331] design lsu_trigger has unconnected port lsu_result_dc3[1]
WARNING: [Synth 8-3331] design lsu_trigger has unconnected port lsu_result_dc3[0]
WARNING: [Synth 8-3331] design rvdffe__19 has unconnected port scan_mode
WARNING: [Synth 8-3331] design rvdffe__18 has unconnected port scan_mode
WARNING: [Synth 8-3331] design rvdffe__17 has unconnected port scan_mode
WARNING: [Synth 8-3331] design rvdffe__16 has unconnected port scan_mode
WARNING: [Synth 8-3331] design rvdffe__15 has unconnected port scan_mode
WARNING: [Synth 8-3331] design rvdffe__14 has unconnected port scan_mode
WARNING: [Synth 8-3331] design rvdffe__13 has unconnected port scan_mode
WARNING: [Synth 8-3331] design rvdffe__12 has unconnected port scan_mode
WARNING: [Synth 8-3331] design rvdffe__11 has unconnected port scan_mode
WARNING: [Synth 8-3331] design rvdffe__10 has unconnected port scan_mode
WARNING: [Synth 8-3331] design rvdffe__9 has unconnected port scan_mode
WARNING: [Synth 8-3331] design rvdffe__8 has unconnected port scan_mode
WARNING: [Synth 8-3331] design rvdffe__7 has unconnected port scan_mode
WARNING: [Synth 8-3331] design rvdffe__6 has unconnected port scan_mode
WARNING: [Synth 8-3331] design rvdffe__5 has unconnected port scan_mode
WARNING: [Synth 8-3331] design rvdffe__4 has unconnected port scan_mode
WARNING: [Synth 8-3331] design rvdffe__parameterized3__2 has unconnected port scan_mode
WARNING: [Synth 8-3331] design rvdffe__parameterized3__1 has unconnected port scan_mode
WARNING: [Synth 8-3331] design rvdffe__3 has unconnected port scan_mode
WARNING: [Synth 8-3331] design rvdffe__2 has unconnected port scan_mode
WARNING: [Synth 8-3331] design rvdffe__1 has unconnected port scan_mode
WARNING: [Synth 8-3331] design lsu_bus_buffer has unconnected port dec_tlu_ld_miss_byp_wb_disable
WARNING: [Synth 8-3331] design lsu_bus_buffer has unconnected port lsu_c1_dc3_clk
WARNING: [Synth 8-3331] design lsu_bus_buffer has unconnected port lsu_c1_dc4_clk
WARNING: [Synth 8-3331] design lsu_bus_buffer has unconnected port lsu_c1_dc5_clk
WARNING: [Synth 8-3331] design lsu_bus_buffer has unconnected port lsu_freeze_c1_dc2_clk
WARNING: [Synth 8-3331] design lsu_bus_buffer has unconnected port lsu_freeze_c1_dc3_clk
WARNING: [Synth 8-3331] design lsu_bus_buffer has unconnected port lsu_freeze_c2_dc2_clk
WARNING: [Synth 8-3331] design lsu_bus_buffer has unconnected port lsu_freeze_c2_dc3_clk
WARNING: [Synth 8-3331] design lsu_bus_buffer has unconnected port lsu_busm_clk
WARNING: [Synth 8-3331] design lsu_bus_buffer has unconnected port lsu_pkt_dc1[by]
WARNING: [Synth 8-3331] design lsu_bus_buffer has unconnected port lsu_pkt_dc1[half]
WARNING: [Synth 8-3331] design lsu_bus_buffer has unconnected port lsu_pkt_dc1[word]
WARNING: [Synth 8-3331] design lsu_bus_buffer has unconnected port lsu_pkt_dc1[dword]
WARNING: [Synth 8-3331] design lsu_bus_buffer has unconnected port lsu_pkt_dc1[load]
WARNING: [Synth 8-3331] design lsu_bus_buffer has unconnected port lsu_pkt_dc1[store]
WARNING: [Synth 8-3331] design lsu_bus_buffer has unconnected port lsu_pkt_dc1[unsign]
WARNING: [Synth 8-3331] design lsu_bus_buffer has unconnected port lsu_pkt_dc1[store_data_bypass_c1]
WARNING: [Synth 8-3331] design lsu_bus_buffer has unconnected port lsu_pkt_dc1[load_ldst_bypass_c1]
WARNING: [Synth 8-3331] design lsu_bus_buffer has unconnected port lsu_pkt_dc1[store_data_bypass_c2]
WARNING: [Synth 8-3331] design lsu_bus_buffer has unconnected port lsu_pkt_dc1[store_data_bypass_i0_e2_c2]
WARNING: [Synth 8-3331] design lsu_bus_buffer has unconnected port lsu_pkt_dc1[store_data_bypass_e4_c1][1]
WARNING: [Synth 8-3331] design lsu_bus_buffer has unconnected port lsu_pkt_dc1[store_data_bypass_e4_c1][0]
WARNING: [Synth 8-3331] design lsu_bus_buffer has unconnected port lsu_pkt_dc1[store_data_bypass_e4_c2][1]
INFO: [Common 17-14] Message 'Synth 8-3331' appears 100 times and further instances of the messages will be disabled. Use the Tcl command set_msg_config to change the current settings.
