xilinx rtfpga
INFO: [Synth 8-5544] ROM "regs/receiver/toc_value" won't be mapped to Block RAM because address size (4) smaller than threshold (5)
INFO: [Synth 8-5544] ROM "regs/receiver/" won't be mapped to Block RAM because address size (2) smaller than threshold (5)
WARNING: [Synth 8-3331] design uart_top has unconnected port wb_sel_i[3]
WARNING: [Synth 8-3331] design uart_top has unconnected port wb_sel_i[2]
WARNING: [Synth 8-3331] design uart_top has unconnected port wb_sel_i[1]
WARNING: [Synth 8-3331] design uart_top has unconnected port wb_sel_i[0]
WARNING: [Synth 8-3331] design veerwolf_syscon has unconnected port i_wb_adr[1]
WARNING: [Synth 8-3331] design veerwolf_syscon has unconnected port i_wb_adr[0]
WARNING: [Synth 8-3331] design axi2wb has unconnected port i_awaddr[2]
WARNING: [Synth 8-3331] design axi2wb has unconnected port i_awaddr[1]
WARNING: [Synth 8-3331] design axi2wb has unconnected port i_awaddr[0]
WARNING: [Synth 8-3331] design axi2wb has unconnected port i_araddr[1]
WARNING: [Synth 8-3331] design axi2wb has unconnected port i_araddr[0]
WARNING: [Synth 8-3331] design wb_mux has unconnected port wb_rst_i
WARNING: [Synth 8-3331] design axi_mux has unconnected port test_i
WARNING: [Synth 8-3331] design axi_mux__1 has unconnected port test_i
WARNING: [Synth 8-3331] design axi_err_slv has unconnected port test_i
WARNING: [Synth 8-3331] design axi_err_slv has unconnected port slv_req_i[aw][addr][31]
WARNING: [Synth 8-3331] design axi_err_slv has unconnected port slv_req_i[aw][addr][30]
WARNING: [Synth 8-3331] design axi_err_slv has unconnected port slv_req_i[aw][addr][29]
WARNING: [Synth 8-3331] design axi_err_slv has unconnected port slv_req_i[aw][addr][28]
WARNING: [Synth 8-3331] design axi_err_slv has unconnected port slv_req_i[aw][addr][27]
WARNING: [Synth 8-3331] design axi_err_slv has unconnected port slv_req_i[aw][addr][26]
WARNING: [Synth 8-3331] design axi_err_slv has unconnected port slv_req_i[aw][addr][25]
WARNING: [Synth 8-3331] design axi_err_slv has unconnected port slv_req_i[aw][addr][24]
WARNING: [Synth 8-3331] design axi_err_slv has unconnected port slv_req_i[aw][addr][23]
WARNING: [Synth 8-3331] design axi_err_slv has unconnected port slv_req_i[aw][addr][22]
WARNING: [Synth 8-3331] design axi_err_slv has unconnected port slv_req_i[aw][addr][21]
WARNING: [Synth 8-3331] design axi_err_slv has unconnected port slv_req_i[aw][addr][20]
WARNING: [Synth 8-3331] design axi_err_slv has unconnected port slv_req_i[aw][addr][19]
WARNING: [Synth 8-3331] design axi_err_slv has unconnected port slv_req_i[aw][addr][18]
WARNING: [Synth 8-3331] design axi_err_slv has unconnected port slv_req_i[aw][addr][17]
WARNING: [Synth 8-3331] design axi_err_slv has unconnected port slv_req_i[aw][addr][16]
WARNING: [Synth 8-3331] design axi_err_slv has unconnected port slv_req_i[aw][addr][15]
WARNING: [Synth 8-3331] design axi_err_slv has unconnected port slv_req_i[aw][addr][14]
WARNING: [Synth 8-3331] design axi_err_slv has unconnected port slv_req_i[aw][addr][13]
WARNING: [Synth 8-3331] design axi_err_slv has unconnected port slv_req_i[aw][addr][12]
WARNING: [Synth 8-3331] design axi_err_slv has unconnected port slv_req_i[aw][addr][11]
WARNING: [Synth 8-3331] design axi_err_slv has unconnected port slv_req_i[aw][addr][10]
WARNING: [Synth 8-3331] design axi_err_slv has unconnected port slv_req_i[aw][addr][9]
WARNING: [Synth 8-3331] design axi_err_slv has unconnected port slv_req_i[aw][addr][8]
WARNING: [Synth 8-3331] design axi_err_slv has unconnected port slv_req_i[aw][addr][7]
WARNING: [Synth 8-3331] design axi_err_slv has unconnected port slv_req_i[aw][addr][6]
WARNING: [Synth 8-3331] design axi_err_slv has unconnected port slv_req_i[aw][addr][5]
WARNING: [Synth 8-3331] design axi_err_slv has unconnected port slv_req_i[aw][addr][4]
WARNING: [Synth 8-3331] design axi_err_slv has unconnected port slv_req_i[aw][addr][3]
WARNING: [Synth 8-3331] design axi_err_slv has unconnected port slv_req_i[aw][addr][2]
WARNING: [Synth 8-3331] design axi_err_slv has unconnected port slv_req_i[aw][addr][1]
WARNING: [Synth 8-3331] design axi_err_slv has unconnected port slv_req_i[aw][addr][0]
WARNING: [Synth 8-3331] design axi_err_slv has unconnected port slv_req_i[aw][len][7]
WARNING: [Synth 8-3331] design axi_err_slv has unconnected port slv_req_i[aw][len][6]
WARNING: [Synth 8-3331] design axi_err_slv has unconnected port slv_req_i[aw][len][5]
WARNING: [Synth 8-3331] design axi_err_slv has unconnected port slv_req_i[aw][len][4]
WARNING: [Synth 8-3331] design axi_err_slv has unconnected port slv_req_i[aw][len][3]
WARNING: [Synth 8-3331] design axi_err_slv has unconnected port slv_req_i[aw][len][2]
WARNING: [Synth 8-3331] design axi_err_slv has unconnected port slv_req_i[aw][len][1]
WARNING: [Synth 8-3331] design axi_err_slv has unconnected port slv_req_i[aw][len][0]
WARNING: [Synth 8-3331] design axi_err_slv has unconnected port slv_req_i[aw][size][2]
WARNING: [Synth 8-3331] design axi_err_slv has unconnected port slv_req_i[aw][size][1]
WARNING: [Synth 8-3331] design axi_err_slv has unconnected port slv_req_i[aw][size][0]
WARNING: [Synth 8-3331] design axi_err_slv has unconnected port slv_req_i[aw][burst][1]
WARNING: [Synth 8-3331] design axi_err_slv has unconnected port slv_req_i[aw][burst][0]
WARNING: [Synth 8-3331] design axi_err_slv has unconnected port slv_req_i[aw][lock]
WARNING: [Synth 8-3331] design axi_err_slv has unconnected port slv_req_i[aw][cache][3]
WARNING: [Synth 8-3331] design axi_err_slv has unconnected port slv_req_i[aw][cache][2]
WARNING: [Synth 8-3331] design axi_err_slv has unconnected port slv_req_i[aw][cache][1]
WARNING: [Synth 8-3331] design axi_err_slv has unconnected port slv_req_i[aw][cache][0]
WARNING: [Synth 8-3331] design axi_err_slv has unconnected port slv_req_i[aw][prot][2]
WARNING: [Synth 8-3331] design axi_err_slv has unconnected port slv_req_i[aw][prot][1]
WARNING: [Synth 8-3331] design axi_err_slv has unconnected port slv_req_i[aw][prot][0]
WARNING: [Synth 8-3331] design axi_err_slv has unconnected port slv_req_i[aw][qos][3]
WARNING: [Synth 8-3331] design axi_err_slv has unconnected port slv_req_i[aw][qos][2]
WARNING: [Synth 8-3331] design axi_err_slv has unconnected port slv_req_i[aw][qos][1]
WARNING: [Synth 8-3331] design axi_err_slv has unconnected port slv_req_i[aw][qos][0]
WARNING: [Synth 8-3331] design axi_err_slv has unconnected port slv_req_i[aw][region][3]
WARNING: [Synth 8-3331] design axi_err_slv has unconnected port slv_req_i[aw][region][2]
WARNING: [Synth 8-3331] design axi_err_slv has unconnected port slv_req_i[aw][region][1]
WARNING: [Synth 8-3331] design axi_err_slv has unconnected port slv_req_i[aw][region][0]
WARNING: [Synth 8-3331] design axi_err_slv has unconnected port slv_req_i[aw][atop][5]
WARNING: [Synth 8-3331] design axi_err_slv has unconnected port slv_req_i[aw][atop][4]
WARNING: [Synth 8-3331] design axi_err_slv has unconnected port slv_req_i[aw][atop][3]
WARNING: [Synth 8-3331] design axi_err_slv has unconnected port slv_req_i[aw][atop][2]
WARNING: [Synth 8-3331] design axi_err_slv has unconnected port slv_req_i[aw][atop][1]
WARNING: [Synth 8-3331] design axi_err_slv has unconnected port slv_req_i[aw][atop][0]
WARNING: [Synth 8-3331] design axi_err_slv has unconnected port slv_req_i[aw][user][0]
WARNING: [Synth 8-3331] design axi_err_slv has unconnected port slv_req_i[w][data][63]
WARNING: [Synth 8-3331] design axi_err_slv has unconnected port slv_req_i[w][data][62]
WARNING: [Synth 8-3331] design axi_err_slv has unconnected port slv_req_i[w][data][61]
WARNING: [Synth 8-3331] design axi_err_slv has unconnected port slv_req_i[w][data][60]
WARNING: [Synth 8-3331] design axi_err_slv has unconnected port slv_req_i[w][data][59]
WARNING: [Synth 8-3331] design axi_err_slv has unconnected port slv_req_i[w][data][58]
WARNING: [Synth 8-3331] design axi_err_slv has unconnected port slv_req_i[w][data][57]
WARNING: [Synth 8-3331] design axi_err_slv has unconnected port slv_req_i[w][data][56]
WARNING: [Synth 8-3331] design axi_err_slv has unconnected port slv_req_i[w][data][55]
WARNING: [Synth 8-3331] design axi_err_slv has unconnected port slv_req_i[w][data][54]
WARNING: [Synth 8-3331] design axi_err_slv has unconnected port slv_req_i[w][data][53]
WARNING: [Synth 8-3331] design axi_err_slv has unconnected port slv_req_i[w][data][52]
WARNING: [Synth 8-3331] design axi_err_slv has unconnected port slv_req_i[w][data][51]
WARNING: [Synth 8-3331] design axi_err_slv has unconnected port slv_req_i[w][data][50]
WARNING: [Synth 8-3331] design axi_err_slv has unconnected port slv_req_i[w][data][49]
WARNING: [Synth 8-3331] design axi_err_slv has unconnected port slv_req_i[w][data][48]
WARNING: [Synth 8-3331] design axi_err_slv has unconnected port slv_req_i[w][data][47]
INFO: [Common 17-14] Message 'Synth 8-3331' appears 100 times and further instances of the messages will be disabled. Use the Tcl command set_msg_config to change the current settings.
INFO: [Synth 8-3333] propagating constant 0 across sequential element (\axi_intercon/axi_xbar /\gen_slv_port_demux[0].i_axi_err_slv /\i_w_fifo/read_pointer_q_reg[0] )
INFO: [Synth 8-3333] propagating constant 0 across sequential element (\axi_intercon/axi_xbar /\gen_slv_port_demux[0].i_axi_err_slv /\i_w_fifo/read_pointer_q_reg[1] )
INFO: [Synth 8-3333] propagating constant 0 across sequential element (\axi_intercon/axi_xbar /\gen_slv_port_demux[0].i_axi_err_slv /\i_b_fifo/write_pointer_q_reg[0] )
INFO: [Synth 8-3886] merging instance 'uart16550_0/regs/delayed_modem_signals_reg[0]' (FDC) to 'uart16550_0/regs/delayed_modem_signals_reg[1]'
INFO: [Synth 8-3886] merging instance 'uart16550_0/regs/delayed_modem_signals_reg[1]' (FDC) to 'uart16550_0/regs/delayed_modem_signals_reg[2]'
INFO: [Synth 8-3886] merging instance 'uart16550_0/regs/delayed_modem_signals_reg[2]' (FDC) to 'uart16550_0/regs/delayed_modem_signals_reg[3]'
INFO: [Synth 8-3886] merging instance 'axi_intercon/axi_xbar/gen_slv_port_demux[0].i_axi_err_slv/i_b_fifo/mem_q_reg[1][3]' (FDCE) to 'axi_intercon/axi_xbar/gen_slv_port_demux[0].i_axi_err_slv/i_b_fifo/mem_q_reg[0][3]'
INFO: [Synth 8-3333] propagating constant 0 across sequential element (\axi_intercon/axi_xbar /\gen_slv_port_demux[0].i_axi_err_slv /\i_b_fifo/mem_q_reg[0][3] )
INFO: [Synth 8-3886] merging instance 'axi_intercon/axi_xbar/gen_slv_port_demux[0].i_axi_err_slv/i_b_fifo/mem_q_reg[1][2]' (FDCE) to 'axi_intercon/axi_xbar/gen_slv_port_demux[0].i_axi_err_slv/i_b_fifo/mem_q_reg[0][2]'
INFO: [Synth 8-3333] propagating constant 0 across sequential element (\axi_intercon/axi_xbar /\gen_slv_port_demux[0].i_axi_err_slv /\i_b_fifo/mem_q_reg[0][2] )
INFO: [Synth 8-3886] merging instance 'axi_intercon/axi_xbar/gen_slv_port_demux[0].i_axi_err_slv/i_b_fifo/mem_q_reg[1][1]' (FDCE) to 'axi_intercon/axi_xbar/gen_slv_port_demux[0].i_axi_err_slv/i_b_fifo/mem_q_reg[0][1]'
INFO: [Synth 8-3333] propagating constant 0 across sequential element (\axi_intercon/axi_xbar /\gen_slv_port_demux[0].i_axi_err_slv /\i_b_fifo/mem_q_reg[0][1] )
INFO: [Synth 8-3886] merging instance 'axi_intercon/axi_xbar/gen_slv_port_demux[0].i_axi_err_slv/i_b_fifo/mem_q_reg[1][0]' (FDCE) to 'axi_intercon/axi_xbar/gen_slv_port_demux[0].i_axi_err_slv/i_b_fifo/mem_q_reg[0][0]'
INFO: [Synth 8-3333] propagating constant 0 across sequential element (\axi_intercon/axi_xbar /\gen_slv_port_demux[0].i_axi_err_slv /\i_b_fifo/read_pointer_q_reg[0] )
INFO: [Synth 8-3333] propagating constant 0 across sequential element (\axi_intercon/axi_xbar /\gen_slv_port_demux[0].i_axi_err_slv /\i_b_fifo/mem_q_reg[0][0] )
INFO: [Synth 8-3333] propagating constant 1 across sequential element (spi/\spcr_reg[4] )
INFO: [Synth 8-3886] merging instance 'axi_intercon/axi_xbar/gen_slv_port_demux[0].i_axi_demux/gen_demux.i_aw_spill_reg/gen_spill_reg.a_data_q_reg[aw_chan][atop][5]' (FDCE) to 'axi_intercon/axi_xbar/gen_slv_port_demux[0].i_axi_demux/gen_demux.i_aw_spill_reg/gen_spill_reg.a_data_q_reg[aw_chan][region][3]'
INFO: [Synth 8-3886] merging instance 'axi_intercon/axi_xbar/gen_slv_port_demux[0].i_axi_demux/gen_demux.i_aw_spill_reg/gen_spill_reg.a_data_q_reg[aw_chan][qos][0]' (FDCE) to 'axi_intercon/axi_xbar/gen_slv_port_demux[0].i_axi_demux/gen_demux.i_aw_spill_reg/gen_spill_reg.a_data_q_reg[aw_chan][region][3]'
INFO: [Synth 8-3886] merging instance 'axi_intercon/axi_xbar/gen_slv_port_demux[0].i_axi_demux/gen_demux.i_aw_spill_reg/gen_spill_reg.a_data_q_reg[aw_chan][qos][1]' (FDCE) to 'axi_intercon/axi_xbar/gen_slv_port_demux[0].i_axi_demux/gen_demux.i_aw_spill_reg/gen_spill_reg.a_data_q_reg[aw_chan][region][3]'
INFO: [Synth 8-3886] merging instance 'axi_intercon/axi_xbar/gen_slv_port_demux[0].i_axi_demux/gen_demux.i_aw_spill_reg/gen_spill_reg.a_data_q_reg[aw_chan][qos][2]' (FDCE) to 'axi_intercon/axi_xbar/gen_slv_port_demux[0].i_axi_demux/gen_demux.i_aw_spill_reg/gen_spill_reg.a_data_q_reg[aw_chan][region][3]'
INFO: [Synth 8-3886] merging instance 'axi_intercon/axi_xbar/gen_slv_port_demux[0].i_axi_demux/gen_demux.i_aw_spill_reg/gen_spill_reg.a_data_q_reg[aw_chan][qos][3]' (FDCE) to 'axi_intercon/axi_xbar/gen_slv_port_demux[0].i_axi_demux/gen_demux.i_aw_spill_reg/gen_spill_reg.a_data_q_reg[aw_chan][region][3]'
INFO: [Synth 8-3886] merging instance 'axi_intercon/axi_xbar/gen_slv_port_demux[0].i_axi_demux/gen_demux.i_aw_spill_reg/gen_spill_reg.a_data_q_reg[aw_chan][region][0]' (FDCE) to 'axi_intercon/axi_xbar/gen_slv_port_demux[0].i_axi_demux/gen_demux.i_aw_spill_reg/gen_spill_reg.a_data_q_reg[aw_chan][region][3]'
INFO: [Synth 8-3886] merging instance 'axi_intercon/axi_xbar/gen_slv_port_demux[0].i_axi_demux/gen_demux.i_aw_spill_reg/gen_spill_reg.a_data_q_reg[aw_chan][region][1]' (FDCE) to 'axi_intercon/axi_xbar/gen_slv_port_demux[0].i_axi_demux/gen_demux.i_aw_spill_reg/gen_spill_reg.a_data_q_reg[aw_chan][region][3]'
INFO: [Synth 8-3886] merging instance 'axi_intercon/axi_xbar/gen_slv_port_demux[0].i_axi_demux/gen_demux.i_aw_spill_reg/gen_spill_reg.a_data_q_reg[aw_chan][region][2]' (FDCE) to 'axi_intercon/axi_xbar/gen_slv_port_demux[0].i_axi_demux/gen_demux.i_aw_spill_reg/gen_spill_reg.a_data_q_reg[aw_chan][region][3]'
INFO: [Synth 8-3886] merging instance 'axi_intercon/axi_xbar/gen_slv_port_demux[0].i_axi_demux/gen_demux.i_aw_spill_reg/gen_spill_reg.b_data_q_reg[aw_chan][region][3]' (FDCE) to 'axi_intercon/axi_xbar/gen_slv_port_demux[0].i_axi_demux/gen_demux.i_aw_spill_reg/gen_spill_reg.b_data_q_reg[aw_chan][atop][5]'
INFO: [Synth 8-3886] merging instance 'axi_intercon/axi_xbar/gen_slv_port_demux[0].i_axi_demux/gen_demux.i_aw_spill_reg/gen_spill_reg.a_data_q_reg[aw_chan][region][3]' (FDCE) to 'axi_intercon/axi_xbar/gen_slv_port_demux[0].i_axi_demux/gen_demux.i_aw_spill_reg/gen_spill_reg.a_data_q_reg[aw_chan][prot][2]'
INFO: [Synth 8-3886] merging instance 'axi_intercon/axi_xbar/gen_slv_port_demux[0].i_axi_demux/gen_demux.i_aw_spill_reg/gen_spill_reg.a_data_q_reg[aw_chan][prot][0]' (FDCE) to 'axi_intercon/axi_xbar/gen_slv_port_demux[0].i_axi_demux/gen_demux.i_aw_spill_reg/gen_spill_reg.a_data_q_reg[aw_chan][prot][2]'
INFO: [Synth 8-3886] merging instance 'axi_intercon/axi_xbar/gen_slv_port_demux[0].i_axi_demux/gen_demux.i_aw_spill_reg/gen_spill_reg.a_data_q_reg[aw_chan][prot][1]' (FDCE) to 'axi_intercon/axi_xbar/gen_slv_port_demux[0].i_axi_demux/gen_demux.i_aw_spill_reg/gen_spill_reg.a_data_q_reg[aw_chan][prot][2]'
INFO: [Synth 8-3886] merging instance 'axi_intercon/axi_xbar/gen_slv_port_demux[0].i_axi_demux/gen_demux.i_aw_spill_reg/gen_spill_reg.b_data_q_reg[aw_chan][prot][2]' (FDCE) to 'axi_intercon/axi_xbar/gen_slv_port_demux[0].i_axi_demux/gen_demux.i_aw_spill_reg/gen_spill_reg.b_data_q_reg[aw_chan][atop][5]'
INFO: [Synth 8-3886] merging instance 'axi_intercon/axi_xbar/gen_slv_port_demux[0].i_axi_demux/gen_demux.i_aw_spill_reg/gen_spill_reg.a_data_q_reg[aw_chan][prot][2]' (FDCE) to 'axi_intercon/axi_xbar/gen_slv_port_demux[0].i_axi_demux/gen_demux.i_aw_spill_reg/gen_spill_reg.a_data_q_reg[aw_chan][cache][3]'
INFO: [Synth 8-3886] merging instance 'axi_intercon/axi_xbar/gen_slv_port_demux[0].i_axi_demux/gen_demux.i_aw_spill_reg/gen_spill_reg.a_data_q_reg[aw_chan][cache][0]' (FDCE) to 'axi_intercon/axi_xbar/gen_slv_port_demux[0].i_axi_demux/gen_demux.i_aw_spill_reg/gen_spill_reg.a_data_q_reg[aw_chan][cache][3]'
INFO: [Synth 8-3886] merging instance 'axi_intercon/axi_xbar/gen_slv_port_demux[0].i_axi_demux/gen_demux.i_aw_spill_reg/gen_spill_reg.a_data_q_reg[aw_chan][cache][1]' (FDCE) to 'axi_intercon/axi_xbar/gen_slv_port_demux[0].i_axi_demux/gen_demux.i_aw_spill_reg/gen_spill_reg.a_data_q_reg[aw_chan][cache][3]'
INFO: [Synth 8-3886] merging instance 'axi_intercon/axi_xbar/gen_slv_port_demux[0].i_axi_demux/gen_demux.i_aw_spill_reg/gen_spill_reg.a_data_q_reg[aw_chan][cache][2]' (FDCE) to 'axi_intercon/axi_xbar/gen_slv_port_demux[0].i_axi_demux/gen_demux.i_aw_spill_reg/gen_spill_reg.a_data_q_reg[aw_chan][cache][3]'
INFO: [Synth 8-3886] merging instance 'axi_intercon/axi_xbar/gen_slv_port_demux[0].i_axi_demux/gen_demux.i_aw_spill_reg/gen_spill_reg.b_data_q_reg[aw_chan][cache][3]' (FDCE) to 'axi_intercon/axi_xbar/gen_slv_port_demux[0].i_axi_demux/gen_demux.i_aw_spill_reg/gen_spill_reg.b_data_q_reg[aw_chan][atop][5]'
INFO: [Synth 8-3886] merging instance 'axi_intercon/axi_xbar/gen_slv_port_demux[0].i_axi_demux/gen_demux.i_aw_spill_reg/gen_spill_reg.a_data_q_reg[aw_chan][cache][3]' (FDCE) to 'axi_intercon/axi_xbar/gen_slv_port_demux[0].i_axi_demux/gen_demux.i_aw_spill_reg/gen_spill_reg.a_data_q_reg[aw_chan][lock]'
INFO: [Synth 8-3886] merging instance 'axi_intercon/axi_xbar/gen_slv_port_demux[0].i_axi_demux/gen_demux.i_aw_spill_reg/gen_spill_reg.b_data_q_reg[aw_chan][lock]' (FDCE) to 'axi_intercon/axi_xbar/gen_slv_port_demux[0].i_axi_demux/gen_demux.i_aw_spill_reg/gen_spill_reg.b_data_q_reg[aw_chan][atop][5]'
INFO: [Synth 8-3886] merging instance 'axi_intercon/axi_xbar/gen_slv_port_demux[0].i_axi_demux/gen_demux.i_aw_spill_reg/gen_spill_reg.a_data_q_reg[aw_chan][lock]' (FDCE) to 'axi_intercon/axi_xbar/gen_slv_port_demux[0].i_axi_demux/gen_demux.i_aw_spill_reg/gen_spill_reg.a_data_q_reg[aw_chan][burst][1]'
INFO: [Synth 8-3886] merging instance 'axi_intercon/axi_xbar/gen_slv_port_demux[0].i_axi_demux/gen_demux.i_aw_spill_reg/gen_spill_reg.a_data_q_reg[aw_chan][burst][0]' (FDCE) to 'axi_intercon/axi_xbar/gen_slv_port_demux[0].i_axi_demux/gen_demux.i_aw_spill_reg/gen_spill_reg.a_data_q_reg[aw_chan][burst][1]'
INFO: [Synth 8-3886] merging instance 'axi_intercon/axi_xbar/gen_slv_port_demux[0].i_axi_demux/gen_demux.i_aw_spill_reg/gen_spill_reg.b_data_q_reg[aw_chan][burst][1]' (FDCE) to 'axi_intercon/axi_xbar/gen_slv_port_demux[0].i_axi_demux/gen_demux.i_aw_spill_reg/gen_spill_reg.b_data_q_reg[aw_chan][atop][5]'
INFO: [Synth 8-3886] merging instance 'axi_intercon/axi_xbar/gen_slv_port_demux[0].i_axi_demux/gen_demux.i_aw_spill_reg/gen_spill_reg.a_data_q_reg[aw_chan][burst][1]' (FDCE) to 'axi_intercon/axi_xbar/gen_slv_port_demux[0].i_axi_demux/gen_demux.i_aw_spill_reg/gen_spill_reg.a_data_q_reg[aw_chan][size][2]'
INFO: [Synth 8-3886] merging instance 'axi_intercon/axi_xbar/gen_slv_port_demux[0].i_axi_demux/gen_demux.i_aw_spill_reg/gen_spill_reg.a_data_q_reg[aw_chan][size][0]' (FDCE) to 'axi_intercon/axi_xbar/gen_slv_port_demux[0].i_axi_demux/gen_demux.i_aw_spill_reg/gen_spill_reg.a_data_q_reg[aw_chan][size][2]'
INFO: [Synth 8-3886] merging instance 'axi_intercon/axi_xbar/gen_slv_port_demux[0].i_axi_demux/gen_demux.i_aw_spill_reg/gen_spill_reg.a_data_q_reg[aw_chan][size][1]' (FDCE) to 'axi_intercon/axi_xbar/gen_slv_port_demux[0].i_axi_demux/gen_demux.i_aw_spill_reg/gen_spill_reg.a_data_q_reg[aw_chan][size][2]'
INFO: [Synth 8-3886] merging instance 'axi_intercon/axi_xbar/gen_slv_port_demux[0].i_axi_demux/gen_demux.i_aw_spill_reg/gen_spill_reg.b_data_q_reg[aw_chan][size][2]' (FDCE) to 'axi_intercon/axi_xbar/gen_slv_port_demux[0].i_axi_demux/gen_demux.i_aw_spill_reg/gen_spill_reg.b_data_q_reg[aw_chan][atop][5]'
INFO: [Synth 8-3886] merging instance 'axi_intercon/axi_xbar/gen_slv_port_demux[0].i_axi_demux/gen_demux.i_aw_spill_reg/gen_spill_reg.a_data_q_reg[aw_chan][size][2]' (FDCE) to 'axi_intercon/axi_xbar/gen_slv_port_demux[0].i_axi_demux/gen_demux.i_aw_spill_reg/gen_spill_reg.a_data_q_reg[aw_chan][len][7]'
INFO: [Synth 8-3886] merging instance 'axi_intercon/axi_xbar/gen_slv_port_demux[0].i_axi_demux/gen_demux.i_aw_spill_reg/gen_spill_reg.a_data_q_reg[aw_chan][len][0]' (FDCE) to 'axi_intercon/axi_xbar/gen_slv_port_demux[0].i_axi_demux/gen_demux.i_aw_spill_reg/gen_spill_reg.a_data_q_reg[aw_chan][len][7]'
INFO: [Synth 8-3886] merging instance 'axi_intercon/axi_xbar/gen_slv_port_demux[0].i_axi_demux/gen_demux.i_aw_spill_reg/gen_spill_reg.a_data_q_reg[aw_chan][len][1]' (FDCE) to 'axi_intercon/axi_xbar/gen_slv_port_demux[0].i_axi_demux/gen_demux.i_aw_spill_reg/gen_spill_reg.a_data_q_reg[aw_chan][len][7]'
INFO: [Synth 8-3886] merging instance 'axi_intercon/axi_xbar/gen_slv_port_demux[0].i_axi_demux/gen_demux.i_aw_spill_reg/gen_spill_reg.a_data_q_reg[aw_chan][len][2]' (FDCE) to 'axi_intercon/axi_xbar/gen_slv_port_demux[0].i_axi_demux/gen_demux.i_aw_spill_reg/gen_spill_reg.a_data_q_reg[aw_chan][len][7]'
INFO: [Synth 8-3886] merging instance 'axi_intercon/axi_xbar/gen_slv_port_demux[0].i_axi_demux/gen_demux.i_aw_spill_reg/gen_spill_reg.a_data_q_reg[aw_chan][len][3]' (FDCE) to 'axi_intercon/axi_xbar/gen_slv_port_demux[0].i_axi_demux/gen_demux.i_aw_spill_reg/gen_spill_reg.a_data_q_reg[aw_chan][len][7]'
INFO: [Synth 8-3886] merging instance 'axi_intercon/axi_xbar/gen_slv_port_demux[0].i_axi_demux/gen_demux.i_aw_spill_reg/gen_spill_reg.a_data_q_reg[aw_chan][len][4]' (FDCE) to 'axi_intercon/axi_xbar/gen_slv_port_demux[0].i_axi_demux/gen_demux.i_aw_spill_reg/gen_spill_reg.a_data_q_reg[aw_chan][len][7]'
INFO: [Synth 8-3886] merging instance 'axi_intercon/axi_xbar/gen_slv_port_demux[0].i_axi_demux/gen_demux.i_aw_spill_reg/gen_spill_reg.a_data_q_reg[aw_chan][len][5]' (FDCE) to 'axi_intercon/axi_xbar/gen_slv_port_demux[0].i_axi_demux/gen_demux.i_aw_spill_reg/gen_spill_reg.a_data_q_reg[aw_chan][len][7]'
INFO: [Synth 8-3886] merging instance 'axi_intercon/axi_xbar/gen_slv_port_demux[0].i_axi_demux/gen_demux.i_aw_spill_reg/gen_spill_reg.a_data_q_reg[aw_chan][len][6]' (FDCE) to 'axi_intercon/axi_xbar/gen_slv_port_demux[0].i_axi_demux/gen_demux.i_aw_spill_reg/gen_spill_reg.a_data_q_reg[aw_chan][len][7]'
INFO: [Synth 8-3886] merging instance 'axi_intercon/axi_xbar/gen_slv_port_demux[0].i_axi_demux/gen_demux.i_aw_spill_reg/gen_spill_reg.b_data_q_reg[aw_chan][len][7]' (FDCE) to 'axi_intercon/axi_xbar/gen_slv_port_demux[0].i_axi_demux/gen_demux.i_aw_spill_reg/gen_spill_reg.b_data_q_reg[aw_chan][atop][5]'
INFO: [Synth 8-3886] merging instance 'axi_intercon/axi_xbar/gen_slv_port_demux[0].i_axi_demux/gen_demux.i_aw_spill_reg/gen_spill_reg.a_data_q_reg[aw_chan][len][7]' (FDCE) to 'axi_intercon/axi_xbar/gen_slv_port_demux[0].i_axi_demux/gen_demux.i_aw_spill_reg/gen_spill_reg.a_data_q_reg[aw_chan][addr][31]'
INFO: [Synth 8-3886] merging instance 'axi_intercon/axi_xbar/gen_slv_port_demux[0].i_axi_demux/gen_demux.i_aw_spill_reg/gen_spill_reg.a_data_q_reg[aw_chan][addr][0]' (FDCE) to 'axi_intercon/axi_xbar/gen_slv_port_demux[0].i_axi_demux/gen_demux.i_aw_spill_reg/gen_spill_reg.a_data_q_reg[aw_chan][addr][31]'
INFO: [Synth 8-3886] merging instance 'axi_intercon/axi_xbar/gen_slv_port_demux[0].i_axi_demux/gen_demux.i_aw_spill_reg/gen_spill_reg.a_data_q_reg[aw_chan][addr][1]' (FDCE) to 'axi_intercon/axi_xbar/gen_slv_port_demux[0].i_axi_demux/gen_demux.i_aw_spill_reg/gen_spill_reg.a_data_q_reg[aw_chan][addr][31]'
INFO: [Synth 8-3886] merging instance 'axi_intercon/axi_xbar/gen_slv_port_demux[0].i_axi_demux/gen_demux.i_aw_spill_reg/gen_spill_reg.a_data_q_reg[aw_chan][addr][2]' (FDCE) to 'axi_intercon/axi_xbar/gen_slv_port_demux[0].i_axi_demux/gen_demux.i_aw_spill_reg/gen_spill_reg.a_data_q_reg[aw_chan][addr][31]'
INFO: [Synth 8-3886] merging instance 'axi_intercon/axi_xbar/gen_slv_port_demux[0].i_axi_demux/gen_demux.i_aw_spill_reg/gen_spill_reg.a_data_q_reg[aw_chan][addr][3]' (FDCE) to 'axi_intercon/axi_xbar/gen_slv_port_demux[0].i_axi_demux/gen_demux.i_aw_spill_reg/gen_spill_reg.a_data_q_reg[aw_chan][addr][31]'
INFO: [Synth 8-3886] merging instance 'axi_intercon/axi_xbar/gen_slv_port_demux[0].i_axi_demux/gen_demux.i_aw_spill_reg/gen_spill_reg.a_data_q_reg[aw_chan][addr][4]' (FDCE) to 'axi_intercon/axi_xbar/gen_slv_port_demux[0].i_axi_demux/gen_demux.i_aw_spill_reg/gen_spill_reg.a_data_q_reg[aw_chan][addr][31]'
INFO: [Synth 8-3886] merging instance 'axi_intercon/axi_xbar/gen_slv_port_demux[0].i_axi_demux/gen_demux.i_aw_spill_reg/gen_spill_reg.a_data_q_reg[aw_chan][addr][5]' (FDCE) to 'axi_intercon/axi_xbar/gen_slv_port_demux[0].i_axi_demux/gen_demux.i_aw_spill_reg/gen_spill_reg.a_data_q_reg[aw_chan][addr][31]'
INFO: [Synth 8-3886] merging instance 'axi_intercon/axi_xbar/gen_slv_port_demux[0].i_axi_demux/gen_demux.i_aw_spill_reg/gen_spill_reg.a_data_q_reg[aw_chan][addr][6]' (FDCE) to 'axi_intercon/axi_xbar/gen_slv_port_demux[0].i_axi_demux/gen_demux.i_aw_spill_reg/gen_spill_reg.a_data_q_reg[aw_chan][addr][31]'
INFO: [Synth 8-3886] merging instance 'axi_intercon/axi_xbar/gen_slv_port_demux[0].i_axi_demux/gen_demux.i_aw_spill_reg/gen_spill_reg.a_data_q_reg[aw_chan][addr][7]' (FDCE) to 'axi_intercon/axi_xbar/gen_slv_port_demux[0].i_axi_demux/gen_demux.i_aw_spill_reg/gen_spill_reg.a_data_q_reg[aw_chan][addr][31]'
INFO: [Synth 8-3886] merging instance 'axi_intercon/axi_xbar/gen_slv_port_demux[0].i_axi_demux/gen_demux.i_aw_spill_reg/gen_spill_reg.a_data_q_reg[aw_chan][addr][8]' (FDCE) to 'axi_intercon/axi_xbar/gen_slv_port_demux[0].i_axi_demux/gen_demux.i_aw_spill_reg/gen_spill_reg.a_data_q_reg[aw_chan][addr][31]'
INFO: [Synth 8-3886] merging instance 'axi_intercon/axi_xbar/gen_slv_port_demux[0].i_axi_demux/gen_demux.i_aw_spill_reg/gen_spill_reg.a_data_q_reg[aw_chan][addr][9]' (FDCE) to 'axi_intercon/axi_xbar/gen_slv_port_demux[0].i_axi_demux/gen_demux.i_aw_spill_reg/gen_spill_reg.a_data_q_reg[aw_chan][addr][31]'
INFO: [Synth 8-3886] merging instance 'axi_intercon/axi_xbar/gen_slv_port_demux[0].i_axi_demux/gen_demux.i_aw_spill_reg/gen_spill_reg.a_data_q_reg[aw_chan][addr][10]' (FDCE) to 'axi_intercon/axi_xbar/gen_slv_port_demux[0].i_axi_demux/gen_demux.i_aw_spill_reg/gen_spill_reg.a_data_q_reg[aw_chan][addr][31]'
INFO: [Synth 8-3886] merging instance 'axi_intercon/axi_xbar/gen_slv_port_demux[0].i_axi_demux/gen_demux.i_aw_spill_reg/gen_spill_reg.a_data_q_reg[aw_chan][addr][11]' (FDCE) to 'axi_intercon/axi_xbar/gen_slv_port_demux[0].i_axi_demux/gen_demux.i_aw_spill_reg/gen_spill_reg.a_data_q_reg[aw_chan][addr][31]'
INFO: [Synth 8-3886] merging instance 'axi_intercon/axi_xbar/gen_slv_port_demux[0].i_axi_demux/gen_demux.i_aw_spill_reg/gen_spill_reg.a_data_q_reg[aw_chan][addr][12]' (FDCE) to 'axi_intercon/axi_xbar/gen_slv_port_demux[0].i_axi_demux/gen_demux.i_aw_spill_reg/gen_spill_reg.a_data_q_reg[aw_chan][addr][31]'
INFO: [Synth 8-3886] merging instance 'axi_intercon/axi_xbar/gen_slv_port_demux[0].i_axi_demux/gen_demux.i_aw_spill_reg/gen_spill_reg.a_data_q_reg[aw_chan][addr][13]' (FDCE) to 'axi_intercon/axi_xbar/gen_slv_port_demux[0].i_axi_demux/gen_demux.i_aw_spill_reg/gen_spill_reg.a_data_q_reg[aw_chan][addr][31]'
INFO: [Synth 8-3886] merging instance 'axi_intercon/axi_xbar/gen_slv_port_demux[0].i_axi_demux/gen_demux.i_aw_spill_reg/gen_spill_reg.a_data_q_reg[aw_chan][addr][14]' (FDCE) to 'axi_intercon/axi_xbar/gen_slv_port_demux[0].i_axi_demux/gen_demux.i_aw_spill_reg/gen_spill_reg.a_data_q_reg[aw_chan][addr][31]'
INFO: [Synth 8-3886] merging instance 'axi_intercon/axi_xbar/gen_slv_port_demux[0].i_axi_demux/gen_demux.i_aw_spill_reg/gen_spill_reg.a_data_q_reg[aw_chan][addr][15]' (FDCE) to 'axi_intercon/axi_xbar/gen_slv_port_demux[0].i_axi_demux/gen_demux.i_aw_spill_reg/gen_spill_reg.a_data_q_reg[aw_chan][addr][31]'
INFO: [Synth 8-3886] merging instance 'axi_intercon/axi_xbar/gen_slv_port_demux[0].i_axi_demux/gen_demux.i_aw_spill_reg/gen_spill_reg.a_data_q_reg[aw_chan][addr][16]' (FDCE) to 'axi_intercon/axi_xbar/gen_slv_port_demux[0].i_axi_demux/gen_demux.i_aw_spill_reg/gen_spill_reg.a_data_q_reg[aw_chan][addr][31]'
INFO: [Synth 8-3886] merging instance 'axi_intercon/axi_xbar/gen_slv_port_demux[0].i_axi_demux/gen_demux.i_aw_spill_reg/gen_spill_reg.a_data_q_reg[aw_chan][addr][17]' (FDCE) to 'axi_intercon/axi_xbar/gen_slv_port_demux[0].i_axi_demux/gen_demux.i_aw_spill_reg/gen_spill_reg.a_data_q_reg[aw_chan][addr][31]'
INFO: [Synth 8-3886] merging instance 'axi_intercon/axi_xbar/gen_slv_port_demux[0].i_axi_demux/gen_demux.i_aw_spill_reg/gen_spill_reg.a_data_q_reg[aw_chan][addr][18]' (FDCE) to 'axi_intercon/axi_xbar/gen_slv_port_demux[0].i_axi_demux/gen_demux.i_aw_spill_reg/gen_spill_reg.a_data_q_reg[aw_chan][addr][31]'
INFO: [Synth 8-3886] merging instance 'axi_intercon/axi_xbar/gen_slv_port_demux[0].i_axi_demux/gen_demux.i_aw_spill_reg/gen_spill_reg.a_data_q_reg[aw_chan][addr][19]' (FDCE) to 'axi_intercon/axi_xbar/gen_slv_port_demux[0].i_axi_demux/gen_demux.i_aw_spill_reg/gen_spill_reg.a_data_q_reg[aw_chan][addr][31]'
INFO: [Synth 8-3886] merging instance 'axi_intercon/axi_xbar/gen_slv_port_demux[0].i_axi_demux/gen_demux.i_aw_spill_reg/gen_spill_reg.a_data_q_reg[aw_chan][addr][20]' (FDCE) to 'axi_intercon/axi_xbar/gen_slv_port_demux[0].i_axi_demux/gen_demux.i_aw_spill_reg/gen_spill_reg.a_data_q_reg[aw_chan][addr][31]'
INFO: [Synth 8-3886] merging instance 'axi_intercon/axi_xbar/gen_slv_port_demux[0].i_axi_demux/gen_demux.i_aw_spill_reg/gen_spill_reg.a_data_q_reg[aw_chan][addr][21]' (FDCE) to 'axi_intercon/axi_xbar/gen_slv_port_demux[0].i_axi_demux/gen_demux.i_aw_spill_reg/gen_spill_reg.a_data_q_reg[aw_chan][addr][31]'
INFO: [Synth 8-3886] merging instance 'axi_intercon/axi_xbar/gen_slv_port_demux[0].i_axi_demux/gen_demux.i_aw_spill_reg/gen_spill_reg.a_data_q_reg[aw_chan][addr][22]' (FDCE) to 'axi_intercon/axi_xbar/gen_slv_port_demux[0].i_axi_demux/gen_demux.i_aw_spill_reg/gen_spill_reg.a_data_q_reg[aw_chan][addr][31]'
INFO: [Synth 8-3886] merging instance 'axi_intercon/axi_xbar/gen_slv_port_demux[0].i_axi_demux/gen_demux.i_aw_spill_reg/gen_spill_reg.a_data_q_reg[aw_chan][addr][23]' (FDCE) to 'axi_intercon/axi_xbar/gen_slv_port_demux[0].i_axi_demux/gen_demux.i_aw_spill_reg/gen_spill_reg.a_data_q_reg[aw_chan][addr][31]'
INFO: [Synth 8-3886] merging instance 'axi_intercon/axi_xbar/gen_slv_port_demux[0].i_axi_demux/gen_demux.i_aw_spill_reg/gen_spill_reg.a_data_q_reg[aw_chan][addr][24]' (FDCE) to 'axi_intercon/axi_xbar/gen_slv_port_demux[0].i_axi_demux/gen_demux.i_aw_spill_reg/gen_spill_reg.a_data_q_reg[aw_chan][addr][31]'
INFO: [Synth 8-3886] merging instance 'axi_intercon/axi_xbar/gen_slv_port_demux[0].i_axi_demux/gen_demux.i_aw_spill_reg/gen_spill_reg.a_data_q_reg[aw_chan][addr][25]' (FDCE) to 'axi_intercon/axi_xbar/gen_slv_port_demux[0].i_axi_demux/gen_demux.i_aw_spill_reg/gen_spill_reg.a_data_q_reg[aw_chan][addr][31]'
INFO: [Synth 8-3886] merging instance 'axi_intercon/axi_xbar/gen_slv_port_demux[0].i_axi_demux/gen_demux.i_aw_spill_reg/gen_spill_reg.a_data_q_reg[aw_chan][addr][26]' (FDCE) to 'axi_intercon/axi_xbar/gen_slv_port_demux[0].i_axi_demux/gen_demux.i_aw_spill_reg/gen_spill_reg.a_data_q_reg[aw_chan][addr][31]'
INFO: [Synth 8-3886] merging instance 'axi_intercon/axi_xbar/gen_slv_port_demux[0].i_axi_demux/gen_demux.i_aw_spill_reg/gen_spill_reg.a_data_q_reg[aw_chan][addr][27]' (FDCE) to 'axi_intercon/axi_xbar/gen_slv_port_demux[0].i_axi_demux/gen_demux.i_aw_spill_reg/gen_spill_reg.a_data_q_reg[aw_chan][addr][31]'
INFO: [Synth 8-3886] merging instance 'axi_intercon/axi_xbar/gen_slv_port_demux[0].i_axi_demux/gen_demux.i_aw_spill_reg/gen_spill_reg.a_data_q_reg[aw_chan][addr][28]' (FDCE) to 'axi_intercon/axi_xbar/gen_slv_port_demux[0].i_axi_demux/gen_demux.i_aw_spill_reg/gen_spill_reg.a_data_q_reg[aw_chan][addr][31]'
INFO: [Synth 8-3886] merging instance 'axi_intercon/axi_xbar/gen_slv_port_demux[0].i_axi_demux/gen_demux.i_aw_spill_reg/gen_spill_reg.a_data_q_reg[aw_chan][addr][29]' (FDCE) to 'axi_intercon/axi_xbar/gen_slv_port_demux[0].i_axi_demux/gen_demux.i_aw_spill_reg/gen_spill_reg.a_data_q_reg[aw_chan][addr][31]'
INFO: [Synth 8-3886] merging instance 'axi_intercon/axi_xbar/gen_slv_port_demux[0].i_axi_demux/gen_demux.i_aw_spill_reg/gen_spill_reg.a_data_q_reg[aw_chan][addr][30]' (FDCE) to 'axi_intercon/axi_xbar/gen_slv_port_demux[0].i_axi_demux/gen_demux.i_aw_spill_reg/gen_spill_reg.a_data_q_reg[aw_chan][addr][31]'
INFO: [Synth 8-3886] merging instance 'axi_intercon/axi_xbar/gen_slv_port_demux[0].i_axi_demux/gen_demux.i_aw_spill_reg/gen_spill_reg.b_data_q_reg[aw_chan][addr][31]' (FDCE) to 'axi_intercon/axi_xbar/gen_slv_port_demux[0].i_axi_demux/gen_demux.i_aw_spill_reg/gen_spill_reg.b_data_q_reg[aw_chan][atop][5]'
INFO: [Synth 8-3886] merging instance 'axi_intercon/axi_xbar/gen_slv_port_demux[0].i_axi_demux/gen_demux.i_aw_spill_reg/gen_spill_reg.a_data_q_reg[aw_chan][addr][31]' (FDCE) to 'axi_intercon/axi_xbar/gen_slv_port_demux[0].i_axi_demux/gen_demux.i_aw_spill_reg/gen_spill_reg.a_data_q_reg[aw_chan][id][3]'
INFO: [Synth 8-3886] merging instance 'axi_intercon/axi_xbar/gen_slv_port_demux[2].i_axi_demux/gen_demux.i_aw_spill_reg/gen_spill_reg.a_data_q_reg[aw_chan][atop][5]' (FDCE) to 'axi_intercon/axi_xbar/gen_slv_port_demux[2].i_axi_demux/gen_demux.i_aw_spill_reg/gen_spill_reg.a_data_q_reg[aw_chan][id][1]'
INFO: [Synth 8-3333] propagating constant 0 across sequential element (\axi_intercon/axi_xbar /\gen_slv_port_demux[1].i_axi_demux /\gen_demux.i_aw_spill_reg/gen_spill_reg.a_data_q_reg[aw_chan][atop][5] )
INFO: [Synth 8-3886] merging instance 'axi_intercon/axi_xbar/gen_slv_port_demux[0].i_axi_demux/gen_demux.i_aw_spill_reg/gen_spill_reg.a_data_q_reg[aw_chan][id][0]' (FDCE) to 'axi_intercon/axi_xbar/gen_slv_port_demux[0].i_axi_demux/gen_demux.i_aw_spill_reg/gen_spill_reg.a_data_q_reg[aw_chan][id][3]'
INFO: [Synth 8-3886] merging instance 'axi_intercon/axi_xbar/gen_slv_port_demux[0].i_axi_demux/gen_demux.i_aw_spill_reg/gen_spill_reg.a_data_q_reg[aw_chan][id][1]' (FDCE) to 'axi_intercon/axi_xbar/gen_slv_port_demux[0].i_axi_demux/gen_demux.i_aw_spill_reg/gen_spill_reg.a_data_q_reg[aw_chan][id][3]'
INFO: [Synth 8-3886] merging instance 'axi_intercon/axi_xbar/gen_slv_port_demux[0].i_axi_demux/gen_demux.i_aw_spill_reg/gen_spill_reg.a_data_q_reg[aw_chan][id][2]' (FDCE) to 'axi_intercon/axi_xbar/gen_slv_port_demux[0].i_axi_demux/gen_demux.i_aw_spill_reg/gen_spill_reg.a_data_q_reg[aw_chan][id][3]'
INFO: [Synth 8-3886] merging instance 'axi_intercon/axi_xbar/gen_slv_port_demux[0].i_axi_demux/gen_demux.i_aw_spill_reg/gen_spill_reg.b_data_q_reg[aw_chan][id][3]' (FDCE) to 'axi_intercon/axi_xbar/gen_slv_port_demux[0].i_axi_demux/gen_demux.i_aw_spill_reg/gen_spill_reg.b_data_q_reg[aw_chan][atop][5]'
INFO: [Synth 8-3333] propagating constant 0 across sequential element (\axi_intercon/axi_xbar /\gen_slv_port_demux[0].i_axi_demux /\gen_demux.i_aw_spill_reg/gen_spill_reg.a_data_q_reg[aw_chan][id][3] )
INFO: [Synth 8-3333] propagating constant 0 across sequential element (\axi_intercon/axi_xbar /\gen_slv_port_demux[0].i_axi_demux /\gen_demux.i_aw_spill_reg/gen_spill_reg.a_full_q_reg )
INFO: [Synth 8-3333] propagating constant 0 across sequential element (\axi_intercon/axi_xbar /\gen_slv_port_demux[0].i_axi_demux /\gen_demux.i_aw_spill_reg/gen_spill_reg.a_data_q_reg[aw_select][0] )
INFO: [Synth 8-3333] propagating constant 0 across sequential element (\axi_intercon/axi_xbar /\gen_slv_port_demux[0].i_axi_demux /\gen_demux.i_aw_spill_reg/gen_spill_reg.a_data_q_reg[aw_select][1] )
INFO: [Synth 8-3886] merging instance 'axi_intercon/axi_xbar/gen_slv_port_demux[2].i_axi_demux/gen_demux.i_ar_spill_reg/gen_spill_reg.a_data_q_reg[ar_chan][id][1]' (FDCE) to 'axi_intercon/axi_xbar/gen_slv_port_demux[2].i_axi_demux/gen_demux.i_ar_spill_reg/gen_spill_reg.a_data_q_reg[ar_chan][id][2]'
INFO: [Synth 8-3886] merging instance 'axi_intercon/axi_xbar/gen_slv_port_demux[2].i_axi_demux/gen_demux.i_ar_spill_reg/gen_spill_reg.b_data_q_reg[ar_chan][id][2]' (FDCE) to 'axi_intercon/axi_xbar/gen_slv_port_demux[2].i_axi_demux/gen_demux.i_ar_spill_reg/gen_spill_reg.b_data_q_reg[ar_chan][id][1]'
INFO: [Synth 8-3886] merging instance 'axi_intercon/axi_xbar/gen_slv_port_demux[2].i_axi_demux/gen_demux.i_ar_spill_reg/gen_spill_reg.a_data_q_reg[ar_chan][id][2]' (FDCE) to 'axi_intercon/axi_xbar/gen_slv_port_demux[2].i_axi_demux/gen_demux.i_ar_spill_reg/gen_spill_reg.a_data_q_reg[ar_chan][id][3]'
INFO: [Synth 8-3886] merging instance 'axi_intercon/axi_xbar/gen_slv_port_demux[2].i_axi_demux/gen_demux.i_ar_spill_reg/gen_spill_reg.b_data_q_reg[ar_chan][id][3]' (FDCE) to 'axi_intercon/axi_xbar/gen_slv_port_demux[2].i_axi_demux/gen_demux.i_ar_spill_reg/gen_spill_reg.b_data_q_reg[ar_chan][id][1]'
INFO: [Synth 8-3333] propagating constant 0 across sequential element (\axi_intercon/axi_xbar /\gen_slv_port_demux[2].i_axi_demux /\gen_demux.i_ar_spill_reg/gen_spill_reg.a_data_q_reg[ar_chan][id][3] )
INFO: [Synth 8-3333] propagating constant 0 across sequential element (\axi_intercon/axi_xbar /\gen_slv_port_demux[0].i_axi_demux /\gen_demux.i_ar_spill_reg/gen_spill_reg.a_data_q_reg[ar_chan][id][3] )
INFO: [Synth 8-3333] propagating constant 0 across sequential element (\axi_intercon/axi_xbar /\gen_slv_port_demux[0].i_axi_err_slv /\i_b_fifo/status_cnt_q_reg[1] )
INFO: [Synth 8-3333] propagating constant 0 across sequential element (\axi_intercon/axi_xbar /\gen_slv_port_demux[0].i_axi_err_slv /\i_b_fifo/status_cnt_q_reg[0] )
INFO: [Synth 8-3333] propagating constant 0 across sequential element (\axi_intercon/axi_xbar /\gen_slv_port_demux[0].i_axi_demux /\gen_demux.i_b_mux/gen_arbiter.rr_q_reg[1] )
INFO: [Synth 8-3333] propagating constant 0 across sequential element (\axi_intercon/axi_xbar /\gen_slv_port_demux[0].i_axi_demux /\gen_demux.i_b_mux/gen_arbiter.rr_q_reg[0] )
INFO: [Synth 8-3333] propagating constant 0 across sequential element (\axi_intercon/axi_xbar /\gen_slv_port_demux[0].i_axi_demux /\gen_demux.i_w_fifo/read_pointer_q_reg[1] )
INFO: [Synth 8-3333] propagating constant 0 across sequential element (\axi_intercon/axi_xbar /\gen_slv_port_demux[0].i_axi_demux /\gen_demux.i_w_fifo/read_pointer_q_reg[0] )
INFO: [Synth 8-3333] propagating constant 0 across sequential element (\axi_intercon/axi_xbar /\gen_slv_port_demux[0].i_axi_demux /\gen_demux.i_w_fifo/read_pointer_q_reg[2] )
INFO: [Synth 8-3333] propagating constant 0 across sequential element (\axi_intercon/axi_xbar /\gen_slv_port_demux[0].i_axi_demux /\gen_demux.i_w_fifo/read_pointer_q_reg[3] )
INFO: [Synth 8-3886] merging instance 'axi_intercon/axi_xbar/gen_slv_port_demux[2].i_axi_demux/gen_demux.i_aw_spill_reg/gen_spill_reg.b_data_q_reg[aw_chan][id][1]' (FDCE) to 'axi_intercon/axi_xbar/gen_slv_port_demux[2].i_axi_demux/gen_demux.i_aw_spill_reg/gen_spill_reg.b_data_q_reg[aw_chan][atop][5]'
INFO: [Synth 8-3886] merging instance 'axi_intercon/axi_xbar/gen_slv_port_demux[2].i_axi_demux/gen_demux.i_aw_spill_reg/gen_spill_reg.a_data_q_reg[aw_chan][id][1]' (FDCE) to 'axi_intercon/axi_xbar/gen_slv_port_demux[2].i_axi_demux/gen_demux.i_aw_spill_reg/gen_spill_reg.a_data_q_reg[aw_chan][id][2]'
INFO: [Synth 8-3886] merging instance 'axi_intercon/axi_xbar/gen_slv_port_demux[2].i_axi_demux/gen_demux.i_aw_spill_reg/gen_spill_reg.b_data_q_reg[aw_chan][id][2]' (FDCE) to 'axi_intercon/axi_xbar/gen_slv_port_demux[2].i_axi_demux/gen_demux.i_aw_spill_reg/gen_spill_reg.b_data_q_reg[aw_chan][atop][5]'
INFO: [Synth 8-3886] merging instance 'axi_intercon/axi_xbar/gen_slv_port_demux[2].i_axi_demux/gen_demux.i_aw_spill_reg/gen_spill_reg.a_data_q_reg[aw_chan][id][2]' (FDCE) to 'axi_intercon/axi_xbar/gen_slv_port_demux[2].i_axi_demux/gen_demux.i_aw_spill_reg/gen_spill_reg.a_data_q_reg[aw_chan][id][3]'
INFO: [Synth 8-3886] merging instance 'axi_intercon/axi_xbar/gen_slv_port_demux[2].i_axi_demux/gen_demux.i_aw_spill_reg/gen_spill_reg.b_data_q_reg[aw_chan][id][3]' (FDCE) to 'axi_intercon/axi_xbar/gen_slv_port_demux[2].i_axi_demux/gen_demux.i_aw_spill_reg/gen_spill_reg.b_data_q_reg[aw_chan][atop][5]'
INFO: [Synth 8-3333] propagating constant 0 across sequential element (\axi_intercon/axi_xbar /\gen_slv_port_demux[2].i_axi_demux /\gen_demux.i_aw_spill_reg/gen_spill_reg.a_data_q_reg[aw_chan][id][3] )
INFO: [Synth 8-3886] merging instance 'axi_intercon/axi_xbar/gen_slv_port_demux[2].i_axi_err_slv/i_w_fifo/mem_q_reg[3][3]' (FDCE) to 'axi_intercon/axi_xbar/gen_slv_port_demux[2].i_axi_err_slv/i_w_fifo/mem_q_reg[3][1]'
INFO: [Synth 8-3886] merging instance 'axi_intercon/axi_xbar/gen_slv_port_demux[2].i_axi_err_slv/i_w_fifo/mem_q_reg[2][3]' (FDCE) to 'axi_intercon/axi_xbar/gen_slv_port_demux[2].i_axi_err_slv/i_w_fifo/mem_q_reg[2][2]'
INFO: [Synth 8-3886] merging instance 'axi_intercon/axi_xbar/gen_slv_port_demux[2].i_axi_err_slv/i_w_fifo/mem_q_reg[1][3]' (FDCE) to 'axi_intercon/axi_xbar/gen_slv_port_demux[2].i_axi_err_slv/i_w_fifo/mem_q_reg[1][2]'
INFO: [Synth 8-3886] merging instance 'axi_intercon/axi_xbar/gen_slv_port_demux[2].i_axi_err_slv/i_w_fifo/mem_q_reg[0][3]' (FDCE) to 'axi_intercon/axi_xbar/gen_slv_port_demux[2].i_axi_err_slv/i_w_fifo/mem_q_reg[0][2]'
INFO: [Synth 8-3886] merging instance 'axi_intercon/axi_xbar/gen_slv_port_demux[2].i_axi_err_slv/i_w_fifo/mem_q_reg[3][2]' (FDCE) to 'axi_intercon/axi_xbar/gen_slv_port_demux[2].i_axi_err_slv/i_w_fifo/mem_q_reg[3][1]'
INFO: [Synth 8-3886] merging instance 'axi_intercon/axi_xbar/gen_slv_port_demux[2].i_axi_err_slv/i_w_fifo/mem_q_reg[2][2]' (FDCE) to 'axi_intercon/axi_xbar/gen_slv_port_demux[2].i_axi_err_slv/i_w_fifo/mem_q_reg[2][1]'
INFO: [Synth 8-3886] merging instance 'axi_intercon/axi_xbar/gen_slv_port_demux[2].i_axi_err_slv/i_w_fifo/mem_q_reg[1][2]' (FDCE) to 'axi_intercon/axi_xbar/gen_slv_port_demux[2].i_axi_err_slv/i_w_fifo/mem_q_reg[1][1]'
INFO: [Synth 8-3886] merging instance 'axi_intercon/axi_xbar/gen_slv_port_demux[2].i_axi_err_slv/i_w_fifo/mem_q_reg[0][2]' (FDCE) to 'axi_intercon/axi_xbar/gen_slv_port_demux[2].i_axi_err_slv/i_w_fifo/mem_q_reg[0][1]'
INFO: [Synth 8-3333] propagating constant 0 across sequential element (\axi_intercon/axi_xbar /\gen_slv_port_demux[2].i_axi_err_slv /\i_w_fifo/mem_q_reg[3][1] )
INFO: [Synth 8-3333] propagating constant 0 across sequential element (\axi_intercon/axi_xbar /\gen_slv_port_demux[2].i_axi_err_slv /\i_w_fifo/mem_q_reg[2][1] )
INFO: [Synth 8-3333] propagating constant 0 across sequential element (\axi_intercon/axi_xbar /\gen_slv_port_demux[2].i_axi_err_slv /\i_w_fifo/mem_q_reg[1][1] )
INFO: [Synth 8-3333] propagating constant 0 across sequential element (\axi_intercon/axi_xbar /\gen_slv_port_demux[2].i_axi_err_slv /\i_w_fifo/mem_q_reg[0][1] )
INFO: [Synth 8-3333] propagating constant 0 across sequential element (\axi_intercon/axi_xbar /\gen_slv_port_demux[0].i_axi_demux /\gen_demux.i_aw_id_counter/gen_counters[0].i_in_flight_cnt/counter_q_reg[4] )
INFO: [Synth 8-3333] propagating constant 0 across sequential element (\axi_intercon/axi_xbar /\gen_slv_port_demux[0].i_axi_demux /\gen_demux.i_aw_id_counter/gen_counters[0].i_in_flight_cnt/counter_q_reg[0] )
INFO: [Synth 8-3333] propagating constant 0 across sequential element (\axi_intercon/axi_xbar /\gen_slv_port_demux[0].i_axi_demux /\gen_demux.i_aw_id_counter/gen_counters[0].i_in_flight_cnt/counter_q_reg[1] )
INFO: [Synth 8-3333] propagating constant 0 across sequential element (\axi_intercon/axi_xbar /\gen_slv_port_demux[0].i_axi_demux /\gen_demux.i_aw_id_counter/gen_counters[0].i_in_flight_cnt/counter_q_reg[2] )
INFO: [Synth 8-3333] propagating constant 0 across sequential element (\axi_intercon/axi_xbar /\gen_slv_port_demux[0].i_axi_demux /\gen_demux.i_aw_id_counter/gen_counters[0].i_in_flight_cnt/counter_q_reg[3] )
INFO: [Synth 8-3333] propagating constant 0 across sequential element (\axi_intercon/axi_xbar /\gen_slv_port_demux[0].i_axi_err_slv /\i_r_fifo/mem_q_reg[3][id][3] )
INFO: [Synth 8-3333] propagating constant 0 across sequential element (\axi_intercon/axi_xbar /\gen_slv_port_demux[0].i_axi_err_slv /\i_r_fifo/mem_q_reg[2][id][3] )
INFO: [Synth 8-3333] propagating constant 0 across sequential element (\axi_intercon/axi_xbar /\gen_slv_port_demux[0].i_axi_err_slv /\i_r_fifo/mem_q_reg[1][id][3] )
INFO: [Synth 8-3333] propagating constant 0 across sequential element (\axi_intercon/axi_xbar /\gen_slv_port_demux[0].i_axi_err_slv /\i_r_fifo/mem_q_reg[0][id][3] )
INFO: [Synth 8-3886] merging instance 'axi_intercon/axi_xbar/gen_slv_port_demux[2].i_axi_err_slv/i_r_fifo/mem_q_reg[3][id][3]' (FDCE) to 'axi_intercon/axi_xbar/gen_slv_port_demux[2].i_axi_err_slv/i_r_fifo/mem_q_reg[3][id][1]'
INFO: [Common 17-14] Message 'Synth 8-3886' appears 100 times and further instances of the messages will be disabled. Use the Tcl command set_msg_config to change the current settings.
INFO: [Synth 8-3333] propagating constant 0 across sequential element (\axi_intercon/axi_xbar /\gen_slv_port_demux[2].i_axi_err_slv /\i_r_fifo/mem_q_reg[3][id][1] )
INFO: [Synth 8-3333] propagating constant 0 across sequential element (\axi_intercon/axi_xbar /\gen_slv_port_demux[2].i_axi_err_slv /\i_r_fifo/mem_q_reg[2][id][1] )
INFO: [Synth 8-3333] propagating constant 0 across sequential element (\axi_intercon/axi_xbar /\gen_slv_port_demux[2].i_axi_err_slv /\i_r_fifo/mem_q_reg[1][id][1] )
INFO: [Synth 8-3333] propagating constant 0 across sequential element (\axi_intercon/axi_xbar /\gen_slv_port_demux[2].i_axi_err_slv /\i_r_fifo/mem_q_reg[0][id][1] )
INFO: [Synth 8-3333] propagating constant 0 across sequential element (\axi_intercon/axi_xbar /\gen_slv_port_demux[0].i_axi_demux /\gen_demux.lock_aw_valid_q_reg )
