xilinx rtfpga
WARNING: [Synth 8-3331] design rvdffe__parameterized1__11 has unconnected port scan_mode
WARNING: [Synth 8-3331] design rvdffe__parameterized1__10 has unconnected port scan_mode
WARNING: [Synth 8-3331] design rvdffe__parameterized1__9 has unconnected port scan_mode
WARNING: [Synth 8-3331] design rvdffe__parameterized1__8 has unconnected port scan_mode
WARNING: [Synth 8-3331] design rvdffe__parameterized1__7 has unconnected port scan_mode
WARNING: [Synth 8-3331] design rvdffe__parameterized1__6 has unconnected port scan_mode
WARNING: [Synth 8-3331] design rvdffe__parameterized1__5 has unconnected port scan_mode
WARNING: [Synth 8-3331] design rvdffe__parameterized1__4 has unconnected port scan_mode
WARNING: [Synth 8-3331] design rvdffe__parameterized1__3 has unconnected port scan_mode
WARNING: [Synth 8-3331] design rvdffe__parameterized1__2 has unconnected port scan_mode
WARNING: [Synth 8-3331] design rvdffe__62 has unconnected port scan_mode
WARNING: [Synth 8-3331] design rvdffe__61 has unconnected port scan_mode
WARNING: [Synth 8-3331] design rvdffe__60 has unconnected port scan_mode
WARNING: [Synth 8-3331] design rvdffe__59 has unconnected port scan_mode
WARNING: [Synth 8-3331] design rvdffe__58 has unconnected port scan_mode
WARNING: [Synth 8-3331] design rvdffe__57 has unconnected port scan_mode
WARNING: [Synth 8-3331] design rvdffe__56 has unconnected port scan_mode
WARNING: [Synth 8-3331] design rvdffe__55 has unconnected port scan_mode
WARNING: [Synth 8-3331] design rvdffe__54 has unconnected port scan_mode
WARNING: [Synth 8-3331] design rvdffe__53 has unconnected port scan_mode
WARNING: [Synth 8-3331] design rvdffe__52 has unconnected port scan_mode
WARNING: [Synth 8-3331] design rvdffe__51 has unconnected port scan_mode
WARNING: [Synth 8-3331] design rvdffe__50 has unconnected port scan_mode
WARNING: [Synth 8-3331] design rvdffe__49 has unconnected port scan_mode
WARNING: [Synth 8-3331] design rvdffe__48 has unconnected port scan_mode
WARNING: [Synth 8-3331] design rvdffe__47 has unconnected port scan_mode
WARNING: [Synth 8-3331] design rvdffe__46 has unconnected port scan_mode
WARNING: [Synth 8-3331] design rvdffe__45 has unconnected port scan_mode
WARNING: [Synth 8-3331] design rvdffe__44 has unconnected port scan_mode
WARNING: [Synth 8-3331] design rvdffe__43 has unconnected port scan_mode
WARNING: [Synth 8-3331] design rvdffe__42 has unconnected port scan_mode
WARNING: [Synth 8-3331] design rvdffe__parameterized1__1 has unconnected port scan_mode
WARNING: [Synth 8-3331] design rvdffe__parameterized19 has unconnected port scan_mode
WARNING: [Synth 8-3331] design rvdffe__parameterized19__4 has unconnected port scan_mode
WARNING: [Synth 8-3331] design rvdffe__parameterized19__3 has unconnected port scan_mode
WARNING: [Synth 8-3331] design rvdffe__parameterized19__2 has unconnected port scan_mode
WARNING: [Synth 8-3331] design rvdffe__parameterized19__1 has unconnected port scan_mode
WARNING: [Synth 8-3331] design rvdffe__parameterized6__4 has unconnected port scan_mode
WARNING: [Synth 8-3331] design rvdffe__parameterized6__3 has unconnected port scan_mode
WARNING: [Synth 8-3331] design rvdffe__parameterized6__2 has unconnected port scan_mode
WARNING: [Synth 8-3331] design rvdffe__parameterized6__1 has unconnected port scan_mode
WARNING: [Synth 8-3331] design rvdffe__41 has unconnected port scan_mode
WARNING: [Synth 8-3331] design rvdffe__40 has unconnected port scan_mode
WARNING: [Synth 8-3331] design rvdffe__39 has unconnected port scan_mode
WARNING: [Synth 8-3331] design rvdffe__38 has unconnected port scan_mode
WARNING: [Synth 8-3331] design rvdffe__37 has unconnected port scan_mode
WARNING: [Synth 8-3331] design rvdffe__36 has unconnected port scan_mode
WARNING: [Synth 8-3331] design rvdffe__parameterized17__1 has unconnected port scan_mode
WARNING: [Synth 8-3331] design rvdffe__66 has unconnected port scan_mode
WARNING: [Synth 8-3331] design rvdffe__65 has unconnected port scan_mode
WARNING: [Synth 8-3331] design rvdffe__parameterized18 has unconnected port scan_mode
WARNING: [Synth 8-3331] design rvdffe__parameterized18__3 has unconnected port scan_mode
WARNING: [Synth 8-3331] design rvdffe__parameterized17 has unconnected port scan_mode
WARNING: [Synth 8-3331] design rvdffe__parameterized17__4 has unconnected port scan_mode
WARNING: [Synth 8-3331] design rvdffe__parameterized0__12 has unconnected port scan_mode
WARNING: [Synth 8-3331] design rvdffe__parameterized0__11 has unconnected port scan_mode
WARNING: [Synth 8-3331] design rvdffe__64 has unconnected port scan_mode
WARNING: [Synth 8-3331] design rvdffe__63 has unconnected port scan_mode
WARNING: [Synth 8-3331] design rvdffe__parameterized18__2 has unconnected port scan_mode
WARNING: [Synth 8-3331] design rvdffe__parameterized18__1 has unconnected port scan_mode
WARNING: [Synth 8-3331] design rvdffe__parameterized17__3 has unconnected port scan_mode
WARNING: [Synth 8-3331] design rvdffe__parameterized17__2 has unconnected port scan_mode
WARNING: [Synth 8-3331] design rvdffe__parameterized0__10 has unconnected port scan_mode
WARNING: [Synth 8-3331] design rvdffe__parameterized0__9 has unconnected port scan_mode
WARNING: [Synth 8-3331] design dec_ib_ctl has unconnected port dbg_cmd_size[1]
WARNING: [Synth 8-3331] design dec_ib_ctl has unconnected port dbg_cmd_size[0]
WARNING: [Synth 8-3331] design dec_ib_ctl has unconnected port dbg_cmd_addr[31]
WARNING: [Synth 8-3331] design dec_ib_ctl has unconnected port dbg_cmd_addr[30]
WARNING: [Synth 8-3331] design dec_ib_ctl has unconnected port dbg_cmd_addr[29]
WARNING: [Synth 8-3331] design dec_ib_ctl has unconnected port dbg_cmd_addr[28]
WARNING: [Synth 8-3331] design dec_ib_ctl has unconnected port dbg_cmd_addr[27]
WARNING: [Synth 8-3331] design dec_ib_ctl has unconnected port dbg_cmd_addr[26]
WARNING: [Synth 8-3331] design dec_ib_ctl has unconnected port dbg_cmd_addr[25]
WARNING: [Synth 8-3331] design dec_ib_ctl has unconnected port dbg_cmd_addr[24]
WARNING: [Synth 8-3331] design dec_ib_ctl has unconnected port dbg_cmd_addr[23]
WARNING: [Synth 8-3331] design dec_ib_ctl has unconnected port dbg_cmd_addr[22]
WARNING: [Synth 8-3331] design dec_ib_ctl has unconnected port dbg_cmd_addr[21]
WARNING: [Synth 8-3331] design dec_ib_ctl has unconnected port dbg_cmd_addr[20]
WARNING: [Synth 8-3331] design dec_ib_ctl has unconnected port dbg_cmd_addr[19]
WARNING: [Synth 8-3331] design dec_ib_ctl has unconnected port dbg_cmd_addr[18]
WARNING: [Synth 8-3331] design dec_ib_ctl has unconnected port dbg_cmd_addr[17]
WARNING: [Synth 8-3331] design dec_ib_ctl has unconnected port dbg_cmd_addr[16]
WARNING: [Synth 8-3331] design dec_ib_ctl has unconnected port dbg_cmd_addr[15]
WARNING: [Synth 8-3331] design dec_ib_ctl has unconnected port dbg_cmd_addr[14]
WARNING: [Synth 8-3331] design dec_ib_ctl has unconnected port dbg_cmd_addr[13]
WARNING: [Synth 8-3331] design dec_ib_ctl has unconnected port dbg_cmd_addr[12]
WARNING: [Synth 8-3331] design dec_ib_ctl has unconnected port dec_ib0_valid_eff_d
WARNING: [Synth 8-3331] design dec_ib_ctl has unconnected port dec_ib1_valid_eff_d
WARNING: [Synth 8-3331] design rvdffe__93 has unconnected port scan_mode
WARNING: [Synth 8-3331] design rvdffe__92 has unconnected port scan_mode
WARNING: [Synth 8-3331] design rvdffe__91 has unconnected port scan_mode
WARNING: [Synth 8-3331] design rvdffe__90 has unconnected port scan_mode
WARNING: [Synth 8-3331] design rvdffe__89 has unconnected port scan_mode
WARNING: [Synth 8-3331] design rvdffe__88 has unconnected port scan_mode
WARNING: [Synth 8-3331] design rvdffe__87 has unconnected port scan_mode
WARNING: [Synth 8-3331] design rvdffe__86 has unconnected port scan_mode
WARNING: [Synth 8-3331] design rvdffe__85 has unconnected port scan_mode
WARNING: [Synth 8-3331] design rvdffe__84 has unconnected port scan_mode
WARNING: [Synth 8-3331] design rvdffe__83 has unconnected port scan_mode
WARNING: [Synth 8-3331] design rvdffe__82 has unconnected port scan_mode
INFO: [Common 17-14] Message 'Synth 8-3331' appears 100 times and further instances of the messages will be disabled. Use the Tcl command set_msg_config to change the current settings.
INFO: [Synth 8-3886] merging instance 'decode/freeze_before_ff/dout_reg[0]' (FDC) to 'decode/freezeff/dout_reg[1]'
INFO: [Synth 8-3333] propagating constant 0 across sequential element (tlu/\mip_ff/dout_reg[0] )
