#-----------------------------------------------------------
# Vivado v2019.2 (64-bit)
# SW Build 2708876 on Wed Nov  6 21:39:14 MST 2019
# IP Build 2700528 on Thu Nov  7 00:09:20 MST 2019
<<<<<<<< HEAD:Courses/RVfpgaSoC/Labs/LabProjects/SweRVolf/build/veerwolf_0.7.5/nexys_a7-vivado/vivado_92622.backup.log
# Start of session at: Fri May  2 23:49:39 2025
# Process ID: 92622
========
# Start of session at: Tue Apr 22 15:58:09 2025
# Process ID: 96199
>>>>>>>> d01ae02ffd50bcd635ff5b834f85491ba18fb57c:Courses/RVfpgaSoC/Labs/LabProjects/SweRVolf/build/veerwolf_0.7.5/nexys_a7-vivado/vivado_96199.backup.log
# Current directory: /home/ayman/ml-rvfpga-soc/Courses/RVfpgaSoC/Labs/LabProjects/SweRVolf/build/veerwolf_0.7.5/nexys_a7-vivado
# Command line: vivado -notrace -mode batch -source veerwolf_0.7.5.tcl
# Log file: /home/ayman/ml-rvfpga-soc/Courses/RVfpgaSoC/Labs/LabProjects/SweRVolf/build/veerwolf_0.7.5/nexys_a7-vivado/vivado.log
# Journal file: /home/ayman/ml-rvfpga-soc/Courses/RVfpgaSoC/Labs/LabProjects/SweRVolf/build/veerwolf_0.7.5/nexys_a7-vivado/vivado.jou
#-----------------------------------------------------------
source veerwolf_0.7.5.tcl -notrace
<<<<<<<< HEAD:Courses/RVfpgaSoC/Labs/LabProjects/SweRVolf/build/veerwolf_0.7.5/nexys_a7-vivado/vivado_92622.backup.log
INFO: [Common 17-206] Exiting Vivado at Fri May  2 23:49:48 2025...
========
INFO: [Common 17-206] Exiting Vivado at Tue Apr 22 15:58:17 2025...
>>>>>>>> d01ae02ffd50bcd635ff5b834f85491ba18fb57c:Courses/RVfpgaSoC/Labs/LabProjects/SweRVolf/build/veerwolf_0.7.5/nexys_a7-vivado/vivado_96199.backup.log
